<?xml version="1.0" encoding="UTF-8"?>
<!-- Generated by org.testng.reporters.JUnitReportReporter -->
<testsuite hostname="DESKTOP-PC8Q7D4" failures="0" tests="1" name="Practice.FlipkartSite" time="30.595" errors="0" timestamp="16 Sep 2022 09:48:31 GMT">
  <testcase classname="Practice.FlipkartSite" name="set" time="30.595"/>
</testsuite> <!-- Practice.FlipkartSite -->
