<?xml version="1.0" encoding="UTF-8"?>
<!-- Generated by org.testng.reporters.JUnitReportReporter -->
<testsuite hostname="Suraj" failures="0" tests="1" name="com.viralitymedia.testcases.TC_LoginTest_001" time="1.670" errors="0" timestamp="16 Nov 2022 16:54:55 GMT" skipped="0">
  <testcase classname="com.viralitymedia.testcases.TC_LoginTest_001" name="LoginTest" time="1.670"/>
</testsuite> <!-- com.viralitymedia.testcases.TC_LoginTest_001 -->
