<?xml version="1.0" encoding="UTF-8"?>
<!-- Generated by org.testng.reporters.JUnitReportReporter -->
<testsuite hostname="DESKTOP-TN627PV" failures="0" tests="1" name="com.viralitymedia.testcases.practice" time="3.483" errors="0" timestamp="2023-01-03T22:11:43 IST" skipped="0">
  <testcase classname="com.viralitymedia.testcases.practice" name="test" time="3.483"/>
  <system-out/>
</testsuite> <!-- com.viralitymedia.testcases.practice -->
