<?xml version="1.0" encoding="UTF-8"?>
<!-- Generated by org.testng.reporters.JUnitReportReporter -->
<testsuite hostname="DESKTOP-PC8Q7D4" failures="0" tests="1" name="Practice.class1" time="0.008" errors="0" timestamp="2022-09-16T13:07:27 IST" skipped="0">
  <testcase classname="Practice.class1" name="test" time="0.008"/>
  <system-out/>
</testsuite> <!-- Practice.class1 -->
